=================================================================
GCD_GESNC Pipeline: GEN-Augmented Semi-Supervised SNC (CIFAR-100)
Protocol: transductive | PCT=0 | M=8 | gamma=0.1 | React=False
Pseudo scope: train
=================================================================
Loading extracted features...
Loaded train=50000 (20000 labeled), test=10000.

[Phase 1] Training Linear Classifier Head (768 -> 80) on cuda...

[Phase 2:transductive] GEN score (M=8, gamma=0.1), Top 0%...
  PCT=0 -> Pure SNC (real labels only).
Anchors: 20000 Real + 0 Pseudo = 20000 Total.

[Phase 3:transductive] Running SNC on 60000 samples (K=100)...

============================================================
 CIFAR-100 RESULTS - TRANSDUCTIVE / UNLABELED TRAIN 
============================================================
  All ACC : 0.8495  (84.95%)
  Old ACC : 0.8717  (87.17%)
  New ACC : 0.8052  (80.52%)
  H-score : 0.8371  (83.71%)
============================================================

============================================================
 CIFAR-100 RESULTS - TRANSDUCTIVE / TEST SET 
============================================================
  All ACC : 0.8134  (81.34%)
  Old ACC : 0.8399  (83.99%)
  New ACC : 0.7075  (70.75%)
  H-score : 0.7680  (76.80%)
============================================================
Results appended to CSV: results/cifar100_cipr_temp.csv
=================================================================
GCD_GESNC Pipeline: GEN-Augmented Semi-Supervised SNC (CIFAR-100)
Protocol: transductive | PCT=0 | M=8 | gamma=0.1 | React=False
Pseudo scope: train
=================================================================
Loading extracted features...
Loaded train=50000 (20000 labeled), test=10000.

[Phase 1] Training Linear Classifier Head (768 -> 80) on cuda...

[Phase 2:transductive] GEN score (M=8, gamma=0.1), Top 0%...
  PCT=0 -> Pure SNC (real labels only).
Anchors: 20000 Real + 0 Pseudo = 20000 Total.

[Phase 3:transductive] Running SNC on 60000 samples (K=100)...

============================================================
 CIFAR-100 RESULTS - TRANSDUCTIVE / UNLABELED TRAIN 
============================================================
  All ACC : 0.8495  (84.95%)
  Old ACC : 0.8717  (87.17%)
  New ACC : 0.8052  (80.52%)
  H-score : 0.8371  (83.71%)
============================================================

============================================================
 CIFAR-100 RESULTS - TRANSDUCTIVE / TEST SET 
============================================================
  All ACC : 0.8134  (81.34%)
  Old ACC : 0.8399  (83.99%)
  New ACC : 0.7075  (70.75%)
  H-score : 0.7680  (76.80%)
============================================================
Results appended to CSV: results/cifar100_cipr_temp.csv
=================================================================
GCD_GESNC Pipeline: GEN-Augmented Semi-Supervised SNC (CIFAR-100)
Protocol: transductive | PCT=0 | M=8 | gamma=0.1 | React=False
Pseudo scope: train
=================================================================
Loading extracted features...
Loaded train=50000 (20000 labeled), test=10000.

[Phase 1] Training Linear Classifier Head (768 -> 80) on cuda...

[Phase 2:transductive] GEN score (M=8, gamma=0.1), Top 0%...
  PCT=0 -> Pure SNC (real labels only).
Anchors: 20000 Real + 0 Pseudo = 20000 Total.

[Phase 3:transductive] Running SNC on 60000 samples (K=100)...

============================================================
 CIFAR-100 RESULTS - TRANSDUCTIVE / UNLABELED TRAIN 
============================================================
  All ACC : 0.8495  (84.95%)
  Old ACC : 0.8717  (87.17%)
  New ACC : 0.8052  (80.52%)
  H-score : 0.8371  (83.71%)
============================================================

============================================================
 CIFAR-100 RESULTS - TRANSDUCTIVE / TEST SET 
============================================================
  All ACC : 0.8134  (81.34%)
  Old ACC : 0.8399  (83.99%)
  New ACC : 0.7075  (70.75%)
  H-score : 0.7680  (76.80%)
============================================================
Results appended to CSV: results/cifar100_cipr_temp.csv
=================================================================
GCD_GESNC Pipeline: GEN-Augmented Semi-Supervised SNC (CIFAR-100)
Protocol: transductive | PCT=0 | M=8 | gamma=0.1 | React=False
Pseudo scope: train
=================================================================
Loading extracted features...
Loaded train=50000 (20000 labeled), test=10000.

[Phase 1] Training Linear Classifier Head (768 -> 80) on cuda...

[Phase 2:transductive] GEN score (M=8, gamma=0.1), Top 0%...
  PCT=0 -> Pure SNC (real labels only).
Anchors: 20000 Real + 0 Pseudo = 20000 Total.

[Phase 3:transductive] Running SNC on 60000 samples (K=100)...

============================================================
 CIFAR-100 RESULTS - TRANSDUCTIVE / UNLABELED TRAIN 
============================================================
  All ACC : 0.8495  (84.95%)
  Old ACC : 0.8717  (87.17%)
  New ACC : 0.8052  (80.52%)
  H-score : 0.8371  (83.71%)
============================================================

============================================================
 CIFAR-100 RESULTS - TRANSDUCTIVE / TEST SET 
============================================================
  All ACC : 0.8134  (81.34%)
  Old ACC : 0.8399  (83.99%)
  New ACC : 0.7075  (70.75%)
  H-score : 0.7680  (76.80%)
============================================================
Results appended to CSV: results/cifar100_cipr_temp.csv
=================================================================
GCD_GESNC Pipeline: GEN-Augmented Semi-Supervised SNC (CIFAR-100)
Protocol: transductive | PCT=0 | M=8 | gamma=0.1 | React=False
Pseudo scope: train
=================================================================
Loading extracted features...
Loaded train=50000 (20000 labeled), test=10000.

[Phase 1] Training Linear Classifier Head (768 -> 80) on cuda...

[Phase 2:transductive] GEN score (M=8, gamma=0.1), Top 0%...
  PCT=0 -> Pure SNC (real labels only).
Anchors: 20000 Real + 0 Pseudo = 20000 Total.

[Phase 3:transductive] Running SNC on 60000 samples (K=100)...

============================================================
 CIFAR-100 RESULTS - TRANSDUCTIVE / UNLABELED TRAIN 
============================================================
  All ACC : 0.8495  (84.95%)
  Old ACC : 0.8717  (87.17%)
  New ACC : 0.8052  (80.52%)
  H-score : 0.8371  (83.71%)
============================================================

============================================================
 CIFAR-100 RESULTS - TRANSDUCTIVE / TEST SET 
============================================================
  All ACC : 0.8134  (81.34%)
  Old ACC : 0.8399  (83.99%)
  New ACC : 0.7075  (70.75%)
  H-score : 0.7680  (76.80%)
============================================================
Results appended to CSV: results/cifar100_cipr_temp.csv
=================================================================
GCD_GESNC Pipeline: GEN-Augmented Semi-Supervised SNC (CIFAR-100)
Protocol: transductive | PCT=10 | M=8 | gamma=0.2 | React=True
Pseudo scope: train
=================================================================
Loading extracted features...
Loaded train=50000 (20000 labeled), test=10000.

[Phase 1] Training Linear Classifier Head (768 -> 80) on cuda...
  [React:transductive] clip_q=0.9900, thresh=5.9188, clipped=1.0019%

[Phase 2:transductive] GEN score (M=8, gamma=0.2), Top 10%...
Anchors: 20000 Real + 2658 Pseudo = 22658 Total.

[Phase 3:transductive] Running SNC on 60000 samples (K=100)...

============================================================
 CIFAR-100 RESULTS - TRANSDUCTIVE / UNLABELED TRAIN 
============================================================
  All ACC : 0.8409  (84.09%)
  Old ACC : 0.8576  (85.76%)
  New ACC : 0.8075  (80.75%)
  H-score : 0.8318  (83.18%)
============================================================

============================================================
 CIFAR-100 RESULTS - TRANSDUCTIVE / TEST SET 
============================================================
  All ACC : 0.8024  (80.24%)
  Old ACC : 0.8340  (83.40%)
  New ACC : 0.6760  (67.60%)
  H-score : 0.7467  (74.67%)
============================================================
Results appended to CSV: results/cifar100_gesnc_temp.csv
=================================================================
GCD_GESNC Pipeline: GEN-Augmented Semi-Supervised SNC (CIFAR-100)
Protocol: transductive | PCT=10 | M=8 | gamma=0.2 | React=True
Pseudo scope: train
=================================================================
Loading extracted features...
Loaded train=50000 (20000 labeled), test=10000.

[Phase 1] Training Linear Classifier Head (768 -> 80) on cuda...
  [React:transductive] clip_q=0.9900, thresh=5.9188, clipped=1.0019%

[Phase 2:transductive] GEN score (M=8, gamma=0.2), Top 10%...
Anchors: 20000 Real + 2629 Pseudo = 22629 Total.

[Phase 3:transductive] Running SNC on 60000 samples (K=100)...

============================================================
 CIFAR-100 RESULTS - TRANSDUCTIVE / UNLABELED TRAIN 
============================================================
  All ACC : 0.8443  (84.43%)
  Old ACC : 0.8573  (85.73%)
  New ACC : 0.8182  (81.82%)
  H-score : 0.8373  (83.73%)
============================================================

============================================================
 CIFAR-100 RESULTS - TRANSDUCTIVE / TEST SET 
============================================================
  All ACC : 0.8023  (80.23%)
  Old ACC : 0.8337  (83.38%)
  New ACC : 0.6765  (67.65%)
  H-score : 0.7469  (74.69%)
============================================================
Results appended to CSV: results/cifar100_gesnc_temp.csv
=================================================================
GCD_GESNC Pipeline: GEN-Augmented Semi-Supervised SNC (CIFAR-100)
Protocol: transductive | PCT=10 | M=8 | gamma=0.2 | React=True
Pseudo scope: train
=================================================================
Loading extracted features...
Loaded train=50000 (20000 labeled), test=10000.

[Phase 1] Training Linear Classifier Head (768 -> 80) on cuda...
  [React:transductive] clip_q=0.9900, thresh=5.9188, clipped=1.0019%

[Phase 2:transductive] GEN score (M=8, gamma=0.2), Top 10%...
Anchors: 20000 Real + 2653 Pseudo = 22653 Total.

[Phase 3:transductive] Running SNC on 60000 samples (K=100)...

============================================================
 CIFAR-100 RESULTS - TRANSDUCTIVE / UNLABELED TRAIN 
============================================================
  All ACC : 0.8436  (84.36%)
  Old ACC : 0.8563  (85.63%)
  New ACC : 0.8182  (81.82%)
  H-score : 0.8368  (83.68%)
============================================================

============================================================
 CIFAR-100 RESULTS - TRANSDUCTIVE / TEST SET 
============================================================
  All ACC : 0.8021  (80.21%)
  Old ACC : 0.8336  (83.36%)
  New ACC : 0.6760  (67.60%)
  H-score : 0.7466  (74.66%)
============================================================
Results appended to CSV: results/cifar100_gesnc_temp.csv
=================================================================
GCD_GESNC Pipeline: GEN-Augmented Semi-Supervised SNC (CIFAR-100)
Protocol: transductive | PCT=10 | M=8 | gamma=0.2 | React=True
Pseudo scope: train
=================================================================
Loading extracted features...
Loaded train=50000 (20000 labeled), test=10000.

[Phase 1] Training Linear Classifier Head (768 -> 80) on cuda...
  [React:transductive] clip_q=0.9900, thresh=5.9188, clipped=1.0019%

[Phase 2:transductive] GEN score (M=8, gamma=0.2), Top 10%...
Anchors: 20000 Real + 2626 Pseudo = 22626 Total.

[Phase 3:transductive] Running SNC on 60000 samples (K=100)...

============================================================
 CIFAR-100 RESULTS - TRANSDUCTIVE / UNLABELED TRAIN 
============================================================
  All ACC : 0.8399  (83.99%)
  Old ACC : 0.8574  (85.74%)
  New ACC : 0.8049  (80.49%)
  H-score : 0.8303  (83.03%)
============================================================

============================================================
 CIFAR-100 RESULTS - TRANSDUCTIVE / TEST SET 
============================================================
  All ACC : 0.8019  (80.19%)
  Old ACC : 0.8334  (83.34%)
  New ACC : 0.6760  (67.60%)
  H-score : 0.7465  (74.65%)
============================================================
Results appended to CSV: results/cifar100_gesnc_temp.csv
=================================================================
GCD_GESNC Pipeline: GEN-Augmented Semi-Supervised SNC (CIFAR-100)
Protocol: transductive | PCT=10 | M=8 | gamma=0.2 | React=True
Pseudo scope: train
=================================================================
Loading extracted features...
Loaded train=50000 (20000 labeled), test=10000.

[Phase 1] Training Linear Classifier Head (768 -> 80) on cuda...
  [React:transductive] clip_q=0.9900, thresh=5.9188, clipped=1.0019%

[Phase 2:transductive] GEN score (M=8, gamma=0.2), Top 10%...
Anchors: 20000 Real + 2615 Pseudo = 22615 Total.

[Phase 3:transductive] Running SNC on 60000 samples (K=100)...

============================================================
 CIFAR-100 RESULTS - TRANSDUCTIVE / UNLABELED TRAIN 
============================================================
  All ACC : 0.8445  (84.45%)
  Old ACC : 0.8564  (85.64%)
  New ACC : 0.8208  (82.08%)
  H-score : 0.8382  (83.82%)
============================================================

============================================================
 CIFAR-100 RESULTS - TRANSDUCTIVE / TEST SET 
============================================================
  All ACC : 0.8026  (80.26%)
  Old ACC : 0.8341  (83.41%)
  New ACC : 0.6765  (67.65%)
  H-score : 0.7471  (74.71%)
============================================================
Results appended to CSV: results/cifar100_gesnc_temp.csv
/home/chaukietnguyen74/GCD_GESNC/eval_cub_gesnc.py:202: FutureWarning: You are using `torch.load` with `weights_only=False` (the current default value), which uses the default pickle module implicitly. It is possible to construct malicious pickle data which will execute arbitrary code during unpickling (See https://github.com/pytorch/pytorch/blob/main/SECURITY.md#untrusted-models for more details). In a future release, the default value for `weights_only` will be flipped to `True`. This limits the functions that could be executed during unpickling. Arbitrary objects will no longer be allowed to be loaded via this mode unless they are explicitly allowlisted by the user via `torch.serialization.add_safe_globals`. We recommend you start setting `weights_only=True` for any use case where you don't have full control of the loaded file. Please open an issue on GitHub for any issues related to this experimental feature.
  ckpt = torch.load(pretrain, map_location="cpu")
=================================================================
GCD_GESNC Pipeline on CUB-200-2011
Protocol: transductive | PCT=0 | M=8 | gamma=0.1 | React=False
=================================================================
Loading ViT-B/16 backbone from: /home/chaukietnguyen74/GCD_GESNC/checkpoints/cub200/final.pth
  Loaded keys: 150 | Missing: 0 | Unexpected: 0
  [WARN] CUB split file not found. Falling back to natural labels; known=0..99.
[CUB200 train] 5994 samples | Known: 3000 | Unknown: 2994 | Labeled: 1500
  [WARN] CUB split file not found. Falling back to natural labels; known=0..99.
[CUB200 test] 5794 samples | Known: 2864 | Unknown: 2930 | Labeled: 0

[Phase 1] Extracting/loading CUB features...
  Loading cached features...
Loaded train=5994 (1500 labeled anchors), test=5794.

[Phase 2] Training Linear Classifier Head (768 -> 100)...

[Phase 3:transductive] GEN Pseudo-labeling (M=8, gamma=0.1, PCT=0)
Anchors: 1500 Real + 0 Pseudo = 1500 Total.
[Phase 4:transductive] Running SNC on 11788 samples (K=200)...

============================================================
 CUB-200 RESULTS - TRANSDUCTIVE / UNLABELED TRAIN 
============================================================
  All ACC : 0.5850  (58.50%)
  Old ACC : 0.6933  (69.33%)
  New ACC : 0.5307  (53.07%)
  H-score : 0.6012  (60.12%)
============================================================
  Reference: final checkpoint; see protocol label above

============================================================
 CUB-200 RESULTS - TRANSDUCTIVE / TEST SET 
============================================================
  All ACC : 0.6146  (61.46%)
  Old ACC : 0.7053  (70.53%)
  New ACC : 0.5259  (52.59%)
  H-score : 0.6026  (60.26%)
============================================================
Results appended to CSV: results/cub200_cipr_temp.csv
/home/chaukietnguyen74/GCD_GESNC/eval_cub_gesnc.py:202: FutureWarning: You are using `torch.load` with `weights_only=False` (the current default value), which uses the default pickle module implicitly. It is possible to construct malicious pickle data which will execute arbitrary code during unpickling (See https://github.com/pytorch/pytorch/blob/main/SECURITY.md#untrusted-models for more details). In a future release, the default value for `weights_only` will be flipped to `True`. This limits the functions that could be executed during unpickling. Arbitrary objects will no longer be allowed to be loaded via this mode unless they are explicitly allowlisted by the user via `torch.serialization.add_safe_globals`. We recommend you start setting `weights_only=True` for any use case where you don't have full control of the loaded file. Please open an issue on GitHub for any issues related to this experimental feature.
  ckpt = torch.load(pretrain, map_location="cpu")
=================================================================
GCD_GESNC Pipeline on CUB-200-2011
Protocol: transductive | PCT=0 | M=8 | gamma=0.1 | React=False
=================================================================
Loading ViT-B/16 backbone from: /home/chaukietnguyen74/GCD_GESNC/checkpoints/cub200/final.pth
  Loaded keys: 150 | Missing: 0 | Unexpected: 0
  [WARN] CUB split file not found. Falling back to natural labels; known=0..99.
[CUB200 train] 5994 samples | Known: 3000 | Unknown: 2994 | Labeled: 1500
  [WARN] CUB split file not found. Falling back to natural labels; known=0..99.
[CUB200 test] 5794 samples | Known: 2864 | Unknown: 2930 | Labeled: 0

[Phase 1] Extracting/loading CUB features...
  Loading cached features...
Loaded train=5994 (1500 labeled anchors), test=5794.

[Phase 2] Training Linear Classifier Head (768 -> 100)...

[Phase 3:transductive] GEN Pseudo-labeling (M=8, gamma=0.1, PCT=0)
Anchors: 1500 Real + 0 Pseudo = 1500 Total.
[Phase 4:transductive] Running SNC on 11788 samples (K=200)...

============================================================
 CUB-200 RESULTS - TRANSDUCTIVE / UNLABELED TRAIN 
============================================================
  All ACC : 0.5850  (58.50%)
  Old ACC : 0.6933  (69.33%)
  New ACC : 0.5307  (53.07%)
  H-score : 0.6012  (60.12%)
============================================================
  Reference: final checkpoint; see protocol label above

============================================================
 CUB-200 RESULTS - TRANSDUCTIVE / TEST SET 
============================================================
  All ACC : 0.6146  (61.46%)
  Old ACC : 0.7053  (70.53%)
  New ACC : 0.5259  (52.59%)
  H-score : 0.6026  (60.26%)
============================================================
Results appended to CSV: results/cub200_cipr_temp.csv
/home/chaukietnguyen74/GCD_GESNC/eval_cub_gesnc.py:202: FutureWarning: You are using `torch.load` with `weights_only=False` (the current default value), which uses the default pickle module implicitly. It is possible to construct malicious pickle data which will execute arbitrary code during unpickling (See https://github.com/pytorch/pytorch/blob/main/SECURITY.md#untrusted-models for more details). In a future release, the default value for `weights_only` will be flipped to `True`. This limits the functions that could be executed during unpickling. Arbitrary objects will no longer be allowed to be loaded via this mode unless they are explicitly allowlisted by the user via `torch.serialization.add_safe_globals`. We recommend you start setting `weights_only=True` for any use case where you don't have full control of the loaded file. Please open an issue on GitHub for any issues related to this experimental feature.
  ckpt = torch.load(pretrain, map_location="cpu")
=================================================================
GCD_GESNC Pipeline on CUB-200-2011
Protocol: transductive | PCT=0 | M=8 | gamma=0.1 | React=False
=================================================================
Loading ViT-B/16 backbone from: /home/chaukietnguyen74/GCD_GESNC/checkpoints/cub200/final.pth
  Loaded keys: 150 | Missing: 0 | Unexpected: 0
  [WARN] CUB split file not found. Falling back to natural labels; known=0..99.
[CUB200 train] 5994 samples | Known: 3000 | Unknown: 2994 | Labeled: 1500
  [WARN] CUB split file not found. Falling back to natural labels; known=0..99.
[CUB200 test] 5794 samples | Known: 2864 | Unknown: 2930 | Labeled: 0

[Phase 1] Extracting/loading CUB features...
  Loading cached features...
Loaded train=5994 (1500 labeled anchors), test=5794.

[Phase 2] Training Linear Classifier Head (768 -> 100)...

[Phase 3:transductive] GEN Pseudo-labeling (M=8, gamma=0.1, PCT=0)
Anchors: 1500 Real + 0 Pseudo = 1500 Total.
[Phase 4:transductive] Running SNC on 11788 samples (K=200)...

============================================================
 CUB-200 RESULTS - TRANSDUCTIVE / UNLABELED TRAIN 
============================================================
  All ACC : 0.5850  (58.50%)
  Old ACC : 0.6933  (69.33%)
  New ACC : 0.5307  (53.07%)
  H-score : 0.6012  (60.12%)
============================================================
  Reference: final checkpoint; see protocol label above

============================================================
 CUB-200 RESULTS - TRANSDUCTIVE / TEST SET 
============================================================
  All ACC : 0.6146  (61.46%)
  Old ACC : 0.7053  (70.53%)
  New ACC : 0.5259  (52.59%)
  H-score : 0.6026  (60.26%)
============================================================
Results appended to CSV: results/cub200_cipr_temp.csv
/home/chaukietnguyen74/GCD_GESNC/eval_cub_gesnc.py:202: FutureWarning: You are using `torch.load` with `weights_only=False` (the current default value), which uses the default pickle module implicitly. It is possible to construct malicious pickle data which will execute arbitrary code during unpickling (See https://github.com/pytorch/pytorch/blob/main/SECURITY.md#untrusted-models for more details). In a future release, the default value for `weights_only` will be flipped to `True`. This limits the functions that could be executed during unpickling. Arbitrary objects will no longer be allowed to be loaded via this mode unless they are explicitly allowlisted by the user via `torch.serialization.add_safe_globals`. We recommend you start setting `weights_only=True` for any use case where you don't have full control of the loaded file. Please open an issue on GitHub for any issues related to this experimental feature.
  ckpt = torch.load(pretrain, map_location="cpu")
=================================================================
GCD_GESNC Pipeline on CUB-200-2011
Protocol: transductive | PCT=10 | M=8 | gamma=0.1 | React=False
=================================================================
Loading ViT-B/16 backbone from: /home/chaukietnguyen74/GCD_GESNC/checkpoints/cub200/final.pth
  Loaded keys: 150 | Missing: 0 | Unexpected: 0
  [WARN] CUB split file not found. Falling back to natural labels; known=0..99.
[CUB200 train] 5994 samples | Known: 3000 | Unknown: 2994 | Labeled: 1500
  [WARN] CUB split file not found. Falling back to natural labels; known=0..99.
[CUB200 test] 5794 samples | Known: 2864 | Unknown: 2930 | Labeled: 0

[Phase 1] Extracting/loading CUB features...
  Loading cached features...
Loaded train=5994 (1500 labeled anchors), test=5794.

[Phase 2] Training Linear Classifier Head (768 -> 100)...

[Phase 3:transductive] GEN Pseudo-labeling (M=8, gamma=0.1, PCT=10)
Anchors: 1500 Real + 251 Pseudo = 1751 Total.
[Phase 4:transductive] Running SNC on 11788 samples (K=200)...

============================================================
 CUB-200 RESULTS - TRANSDUCTIVE / UNLABELED TRAIN 
============================================================
  All ACC : 0.5895  (58.95%)
  Old ACC : 0.7047  (70.47%)
  New ACC : 0.5317  (53.17%)
  H-score : 0.6061  (60.61%)
============================================================
  Reference: final checkpoint; see protocol label above

============================================================
 CUB-200 RESULTS - TRANSDUCTIVE / TEST SET 
============================================================
  All ACC : 0.6155  (61.55%)
  Old ACC : 0.6969  (69.69%)
  New ACC : 0.5358  (53.58%)
  H-score : 0.6059  (60.59%)
============================================================
Results appended to CSV: results/cub200_gesnc_temp.csv
/home/chaukietnguyen74/GCD_GESNC/eval_cub_gesnc.py:202: FutureWarning: You are using `torch.load` with `weights_only=False` (the current default value), which uses the default pickle module implicitly. It is possible to construct malicious pickle data which will execute arbitrary code during unpickling (See https://github.com/pytorch/pytorch/blob/main/SECURITY.md#untrusted-models for more details). In a future release, the default value for `weights_only` will be flipped to `True`. This limits the functions that could be executed during unpickling. Arbitrary objects will no longer be allowed to be loaded via this mode unless they are explicitly allowlisted by the user via `torch.serialization.add_safe_globals`. We recommend you start setting `weights_only=True` for any use case where you don't have full control of the loaded file. Please open an issue on GitHub for any issues related to this experimental feature.
  ckpt = torch.load(pretrain, map_location="cpu")
=================================================================
GCD_GESNC Pipeline on CUB-200-2011
Protocol: transductive | PCT=10 | M=8 | gamma=0.1 | React=False
=================================================================
Loading ViT-B/16 backbone from: /home/chaukietnguyen74/GCD_GESNC/checkpoints/cub200/final.pth
  Loaded keys: 150 | Missing: 0 | Unexpected: 0
  [WARN] CUB split file not found. Falling back to natural labels; known=0..99.
[CUB200 train] 5994 samples | Known: 3000 | Unknown: 2994 | Labeled: 1500
  [WARN] CUB split file not found. Falling back to natural labels; known=0..99.
[CUB200 test] 5794 samples | Known: 2864 | Unknown: 2930 | Labeled: 0

[Phase 1] Extracting/loading CUB features...
  Loading cached features...
Loaded train=5994 (1500 labeled anchors), test=5794.

[Phase 2] Training Linear Classifier Head (768 -> 100)...

[Phase 3:transductive] GEN Pseudo-labeling (M=8, gamma=0.1, PCT=10)
Anchors: 1500 Real + 255 Pseudo = 1755 Total.
[Phase 4:transductive] Running SNC on 11788 samples (K=200)...

============================================================
 CUB-200 RESULTS - TRANSDUCTIVE / UNLABELED TRAIN 
============================================================
  All ACC : 0.5879  (58.79%)
  Old ACC : 0.7000  (70.00%)
  New ACC : 0.5317  (53.17%)
  H-score : 0.6044  (60.44%)
============================================================
  Reference: final checkpoint; see protocol label above

============================================================
 CUB-200 RESULTS - TRANSDUCTIVE / TEST SET 
============================================================
  All ACC : 0.6149  (61.49%)
  Old ACC : 0.6955  (69.55%)
  New ACC : 0.5362  (53.62%)
  H-score : 0.6055  (60.55%)
============================================================
Results appended to CSV: results/cub200_gesnc_temp.csv
/home/chaukietnguyen74/GCD_GESNC/eval_cub_gesnc.py:202: FutureWarning: You are using `torch.load` with `weights_only=False` (the current default value), which uses the default pickle module implicitly. It is possible to construct malicious pickle data which will execute arbitrary code during unpickling (See https://github.com/pytorch/pytorch/blob/main/SECURITY.md#untrusted-models for more details). In a future release, the default value for `weights_only` will be flipped to `True`. This limits the functions that could be executed during unpickling. Arbitrary objects will no longer be allowed to be loaded via this mode unless they are explicitly allowlisted by the user via `torch.serialization.add_safe_globals`. We recommend you start setting `weights_only=True` for any use case where you don't have full control of the loaded file. Please open an issue on GitHub for any issues related to this experimental feature.
  ckpt = torch.load(pretrain, map_location="cpu")
=================================================================
GCD_GESNC Pipeline on CUB-200-2011
Protocol: transductive | PCT=10 | M=8 | gamma=0.1 | React=False
=================================================================
Loading ViT-B/16 backbone from: /home/chaukietnguyen74/GCD_GESNC/checkpoints/cub200/final.pth
  Loaded keys: 150 | Missing: 0 | Unexpected: 0
  [WARN] CUB split file not found. Falling back to natural labels; known=0..99.
[CUB200 train] 5994 samples | Known: 3000 | Unknown: 2994 | Labeled: 1500
  [WARN] CUB split file not found. Falling back to natural labels; known=0..99.
[CUB200 test] 5794 samples | Known: 2864 | Unknown: 2930 | Labeled: 0

[Phase 1] Extracting/loading CUB features...
  Loading cached features...
Loaded train=5994 (1500 labeled anchors), test=5794.

[Phase 2] Training Linear Classifier Head (768 -> 100)...

[Phase 3:transductive] GEN Pseudo-labeling (M=8, gamma=0.1, PCT=10)
Anchors: 1500 Real + 238 Pseudo = 1738 Total.
[Phase 4:transductive] Running SNC on 11788 samples (K=200)...

============================================================
 CUB-200 RESULTS - TRANSDUCTIVE / UNLABELED TRAIN 
============================================================
  All ACC : 0.5903  (59.03%)
  Old ACC : 0.7073  (70.73%)
  New ACC : 0.5317  (53.17%)
  H-score : 0.6071  (60.71%)
============================================================
  Reference: final checkpoint; see protocol label above

============================================================
 CUB-200 RESULTS - TRANSDUCTIVE / TEST SET 
============================================================
  All ACC : 0.6163  (61.63%)
  Old ACC : 0.6987  (69.87%)
  New ACC : 0.5358  (53.58%)
  H-score : 0.6065  (60.65%)
============================================================
Results appended to CSV: results/cub200_gesnc_temp.csv
/home/chaukietnguyen74/GCD_GESNC/.venv/lib/python3.10/site-packages/scipy/stats/_axis_nan_policy.py:502: RuntimeWarning: Precision loss occurred in moment calculation due to catastrophic cancellation. This occurs when the data are nearly identical. Results may be unreliable.
  res = hypotest_fun_out(*samples, **kwds)
======================================================================
 KHỞI CHẠY THỰC NGHIỆM ĐA HẠT GIỐNG CHO TẬP DỮ LIỆU: CIFAR100 
======================================================================

>>> [1/2] Bắt đầu chạy CiPR Baseline (5 hạt giống)...
  --> Đang chạy seed=0...
  --> Đang chạy seed=1...
  --> Đang chạy seed=2...
  --> Đang chạy seed=42...
  --> Đang chạy seed=123...

>>> [2/2] Bắt đầu chạy GESNC Đề xuất (5 hạt giống)...
  --> Đang chạy seed=0...
  --> Đang chạy seed=1...
  --> Đang chạy seed=2...
  --> Đang chạy seed=42...
  --> Đang chạy seed=123...

======================================================================
 PHÂN TÍCH THỐNG KÊ VÀ KIỂM ĐỊNH T-TEST CẶP: CIFAR100 
======================================================================

Chỉ số All ACC:
  CiPR Baseline : 84.95% ± 0.00%
  GESNC Đề xuất : 84.26% ± 0.21%
  Độ chênh lệch : -0.69%
  Paired t-test : t-value = -7.2777, p-value = 0.0019 (Cực kỳ ý nghĩa (p < 0.01))

Chỉ số Old ACC:
  CiPR Baseline : 87.17% ± 0.00%
  GESNC Đề xuất : 85.70% ± 0.06%
  Độ chênh lệch : -1.47%
  Paired t-test : t-value = -55.3701, p-value = 0.0000 (Cực kỳ ý nghĩa (p < 0.01))

Chỉ số New ACC:
  CiPR Baseline : 80.52% ± 0.00%
  GESNC Đề xuất : 81.39% ± 0.72%
  Độ chênh lệch : +0.87%
  Paired t-test : t-value = 2.7134, p-value = 0.0533 (Không có ý nghĩa thống kê (p >= 0.05))

Chỉ số H-score:
  CiPR Baseline : 83.71% ± 0.00%
  GESNC Đề xuất : 83.49% ± 0.36%
  Độ chênh lệch : -0.22%
  Paired t-test : t-value = -1.3896, p-value = 0.2370 (Không có ý nghĩa thống kê (p >= 0.05))

----------------------------------------------------------------------
 MÃ NGUỒN BẢNG LATEX CHO LUẬN VĂN (CIFAR100) 
----------------------------------------------------------------------

\begin{table}[h]
\centering
\caption{So sánh hiệu năng đa hạt giống (CIFAR100) giữa CiPR và GESNC}
\label{tab:multi_seed_cifar100}
\begin{tabular}{lcccc}
\toprule
\textbf{Phương pháp} & \textbf{All ACC (\%)} & \textbf{Old ACC (\%)} & \textbf{New ACC (\%)} & \textbf{H-score (\%)} \\
\midrule
CiPR Baseline & 84.95 $\pm$ 0.00 
              & 87.17 $\pm$ 0.00 
              & 80.52 $\pm$ 0.00 
              & 83.71 $\pm$ 0.00 \\
\textbf{GESNC (Đề xuất)} & \textbf{84.26 $\pm$ 0.21} 
                          & \textbf{85.70 $\pm$ 0.06} 
                          & \textbf{81.39 $\pm$ 0.72} 
                          & \textbf{83.49 $\pm$ 0.36} \\
\midrule
\textit{Cải thiện (\%)} & \textit{-0.69\%} 
                          & \textit{-1.47\%} 
                          & \textit{+0.87\%} 
                          & \textit{-0.22\%} \\
\textit{Trị số p (t-test)} & 0.0019 
                           & 0.0000 
                           & 0.0533 
                           & 0.2370 \\
\bottomrule
\end{tabular}
\end{table}

======================================================================
Báo cáo thống kê chính thức lưu tại: results/cifar100_multi_seed_final.csv
======================================================================
 KHỞI CHẠY THỰC NGHIỆM ĐA HẠT GIỐNG CHO TẬP DỮ LIỆU: CUB200 
======================================================================

>>> [1/2] Bắt đầu chạy CiPR Baseline (3 hạt giống)...
  --> Đang chạy seed=0...
  --> Đang chạy seed=1...
  --> Đang chạy seed=2...

>>> [2/2] Bắt đầu chạy GESNC Đề xuất (3 hạt giống)...
  --> Đang chạy seed=0...
  --> Đang chạy seed=1...
  --> Đang chạy seed=2...

======================================================================
 PHÂN TÍCH THỐNG KÊ VÀ KIỂM ĐỊNH T-TEST CẶP: CUB200 
======================================================================

Chỉ số All ACC:
  CiPR Baseline : 58.50% ± 0.00%
  GESNC Đề xuất : 58.92% ± 0.12%
  Độ chênh lệch : +0.42%
  Paired t-test : t-value = 5.9106, p-value = 0.0275 (Có ý nghĩa (p < 0.05))

Chỉ số Old ACC:
  CiPR Baseline : 69.33% ± 0.00%
  GESNC Đề xuất : 70.40% ± 0.37%
  Độ chênh lệch : +1.07%
  Paired t-test : t-value = 4.9774, p-value = 0.0381 (Có ý nghĩa (p < 0.05))

Chỉ số New ACC:
  CiPR Baseline : 53.07% ± 0.00%
  GESNC Đề xuất : 53.17% ± 0.00%
  Độ chênh lệch : +0.10%
  Paired t-test : t-value = inf, p-value = 0.0000 (Cực kỳ ý nghĩa (p < 0.01))

Chỉ số H-score:
  CiPR Baseline : 60.12% ± 0.00%
  GESNC Đề xuất : 60.59% ± 0.14%
  Độ chênh lệch : +0.46%
  Paired t-test : t-value = 5.8221, p-value = 0.0283 (Có ý nghĩa (p < 0.05))

----------------------------------------------------------------------
 MÃ NGUỒN BẢNG LATEX CHO LUẬN VĂN (CUB200) 
----------------------------------------------------------------------

\begin{table}[h]
\centering
\caption{So sánh hiệu năng đa hạt giống (CUB200) giữa CiPR và GESNC}
\label{tab:multi_seed_cub200}
\begin{tabular}{lcccc}
\toprule
\textbf{Phương pháp} & \textbf{All ACC (\%)} & \textbf{Old ACC (\%)} & \textbf{New ACC (\%)} & \textbf{H-score (\%)} \\
\midrule
CiPR Baseline & 58.50 $\pm$ 0.00 
              & 69.33 $\pm$ 0.00 
              & 53.07 $\pm$ 0.00 
              & 60.12 $\pm$ 0.00 \\
\textbf{GESNC (Đề xuất)} & \textbf{58.92 $\pm$ 0.12} 
                          & \textbf{70.40 $\pm$ 0.37} 
                          & \textbf{53.17 $\pm$ 0.00} 
                          & \textbf{60.59 $\pm$ 0.14} \\
\midrule
\textit{Cải thiện (\%)} & \textit{+0.42\%} 
                          & \textit{+1.07\%} 
                          & \textit{+0.10\%} 
                          & \textit{+0.46\%} \\
\textit{Trị số p (t-test)} & 0.0275 
                           & 0.0381 
                           & 0.0000 
                           & 0.0283 \\
\bottomrule
\end{tabular}
\end{table}

======================================================================
Báo cáo thống kê chính thức lưu tại: results/cub200_multi_seed_final.csv
